#
# There is insufficient memory for the Java Runtime Environment to continue.
# Native memory allocation (mmap) failed to map 102760448 bytes for G1 virtual space
# Possible reasons:
#   The system is out of physical RAM or swap space
#   The process is running with CompressedOops enabled, and the Java Heap may be blocking the growth of the native heap
# Possible solutions:
#   Reduce memory load on the system
#   Increase physical memory or swap space
#   Check if swap backing store is full
#   Decrease Java heap size (-Xmx/-Xms)
#   Decrease number of Java threads
#   Decrease Java thread stack sizes (-Xss)
#   Set larger code cache with -XX:ReservedCodeCacheSize=
#   JVM is running with Zero Based Compressed Oops mode in which the Java heap is
#     placed in the first 32GB address space. The Java Heap base address is the
#     maximum limit for the native heap growth. Please use -XX:HeapBaseMinAddress
#     to set the Java Heap base and to place the Java Heap above 32GB virtual address.
# This output file may be truncated or incomplete.
#
#  Out of Memory Error (os_windows.cpp:3600), pid=19028, tid=23468
#
# JRE version: Java(TM) SE Runtime Environment (21.0.3+7) (build 21.0.3+7-LTS-152)
# Java VM: Java HotSpot(TM) 64-Bit Server VM (21.0.3+7-LTS-152, mixed mode, emulated-client, sharing, tiered, compressed oops, compressed class ptrs, g1 gc, windows-amd64)
# No core dump will be written. Minidumps are not enabled by default on client versions of Windows
#

---------------  S U M M A R Y ------------

Command Line: -XX:TieredStopAtLevel=1 -Dspring.output.ansi.enabled=always -Dcom.sun.management.jmxremote -Dspring.jmx.enabled=true -Dspring.liveBeansView.mbeanDomain -Dspring.application.admin.enabled=true -Dmanagement.endpoints.jmx.exposure.include=* -javaagent:C:\Program Files\JetBrains\IntelliJ IDEA 2024.1.4\lib\idea_rt.jar=62251:C:\Program Files\JetBrains\IntelliJ IDEA 2024.1.4\bin -Dfile.encoding=UTF-8 -Dsun.stdout.encoding=UTF-8 -Dsun.stderr.encoding=UTF-8 br.com.socketchat.chat.ChatApplication

Host: Intel(R) Core(TM) i5-9400F CPU @ 2.90GHz, 6 cores, 15G,  Windows 10 , 64 bit Build 19041 (10.0.19041.5915)
Time: Tue Jul 29 23:05:10 2025 Hora oficial do Brasil elapsed time: 34.340960 seconds (0d 0h 0m 34s)

---------------  T H R E A D  ---------------

Current thread (0x0000013eea464bc0):  VMThread "VM Thread"          [id=23468, stack(0x0000000d16000000,0x0000000d16100000) (1024K)]

Stack: [0x0000000d16000000,0x0000000d16100000]
Native frames: (J=compiled Java code, j=interpreted, Vv=VM code, C=native code)
V  [jvm.dll+0x6c63b9]
V  [jvm.dll+0x84fa11]
V  [jvm.dll+0x851f3e]
V  [jvm.dll+0x852613]
V  [jvm.dll+0x27cd46]
V  [jvm.dll+0x6c2b55]
V  [jvm.dll+0x6b76da]
V  [jvm.dll+0x35051a]
V  [jvm.dll+0x358176]
V  [jvm.dll+0x3aa84e]
V  [jvm.dll+0x3aaaf8]
V  [jvm.dll+0x32491c]
V  [jvm.dll+0x3249a7]
V  [jvm.dll+0x36923c]
V  [jvm.dll+0x367a7e]
V  [jvm.dll+0x324091]
V  [jvm.dll+0x36719a]
V  [jvm.dll+0x857fd0]
V  [jvm.dll+0x8590d4]
V  [jvm.dll+0x859610]
V  [jvm.dll+0x8598b3]
V  [jvm.dll+0x7f9ffb]
V  [jvm.dll+0x6c4a9d]
C  [ucrtbase.dll+0x21bb2]
C  [KERNEL32.DLL+0x17374]
C  [ntdll.dll+0x4cc91]

VM_Operation (0x0000000d183fb680): G1CollectForAllocation, mode: safepoint, requested by thread 0x0000013eef8d6c80


---------------  P R O C E S S  ---------------

Threads class SMR info:
_java_thread_list=0x0000013ef190bc50, length=35, elements={
0x0000013eea484360, 0x0000013eea485080, 0x0000013eea485fb0, 0x0000013eea48a0a0,
0x0000013eea48b450, 0x0000013eea488660, 0x0000013eea498fa0, 0x0000013eea48adc0,
0x0000013eea489380, 0x0000013eea48a730, 0x0000013eea488cf0, 0x0000013eef8d3e90,
0x0000013eef8d58d0, 0x0000013eef8d86c0, 0x0000013eef8d4bb0, 0x0000013eef8d4520,
0x0000013eef8d5240, 0x0000013eef8d3800, 0x0000013eef8d65f0, 0x0000013eef8d2ae0,
0x0000013eef8d7310, 0x0000013eef8d8d50, 0x0000013eef8d6c80, 0x0000013eef8d79a0,
0x0000013eef8d8030, 0x0000013eef8d1dc0, 0x0000013eef8d93e0, 0x0000013eef8d2450,
0x0000013eef8d3170, 0x0000013ef1940fd0, 0x0000013ef193ce30, 0x0000013ef1941660,
0x0000013ef19402b0, 0x0000013ef193ad60, 0x0000013ef193a6d0
}

Java Threads: ( => current thread )
  0x0000013eea484360 JavaThread "Reference Handler"          daemon [_thread_blocked, id=21576, stack(0x0000000d16100000,0x0000000d16200000) (1024K)]
  0x0000013eea485080 JavaThread "Finalizer"                  daemon [_thread_blocked, id=16320, stack(0x0000000d16200000,0x0000000d16300000) (1024K)]
  0x0000013eea485fb0 JavaThread "Signal Dispatcher"          daemon [_thread_blocked, id=13012, stack(0x0000000d16300000,0x0000000d16400000) (1024K)]
  0x0000013eea48a0a0 JavaThread "Attach Listener"            daemon [_thread_blocked, id=22988, stack(0x0000000d16400000,0x0000000d16500000) (1024K)]
  0x0000013eea48b450 JavaThread "Service Thread"             daemon [_thread_blocked, id=23224, stack(0x0000000d16500000,0x0000000d16600000) (1024K)]
  0x0000013eea488660 JavaThread "Monitor Deflation Thread"   daemon [_thread_blocked, id=15236, stack(0x0000000d16600000,0x0000000d16700000) (1024K)]
  0x0000013eea498fa0 JavaThread "C1 CompilerThread0"         daemon [_thread_blocked, id=9504, stack(0x0000000d16700000,0x0000000d16800000) (1024K)]
  0x0000013eea48adc0 JavaThread "Common-Cleaner"             daemon [_thread_blocked, id=21200, stack(0x0000000d16800000,0x0000000d16900000) (1024K)]
  0x0000013eea489380 JavaThread "Monitor Ctrl-Break"         daemon [_thread_in_native, id=21988, stack(0x0000000d16a00000,0x0000000d16b00000) (1024K)]
  0x0000013eea48a730 JavaThread "Notification Thread"        daemon [_thread_blocked, id=22176, stack(0x0000000d16b00000,0x0000000d16c00000) (1024K)]
  0x0000013eea488cf0 JavaThread "RMI TCP Accept-0"           daemon [_thread_in_native, id=15424, stack(0x0000000d16d00000,0x0000000d16e00000) (1024K)]
  0x0000013eef8d3e90 JavaThread "RMI TCP Connection(idle)"   daemon [_thread_blocked, id=7596, stack(0x0000000d17600000,0x0000000d17700000) (1024K)]
  0x0000013eef8d58d0 JavaThread "RMI Scheduler(0)"           daemon [_thread_blocked, id=20220, stack(0x0000000d17700000,0x0000000d17800000) (1024K)]
  0x0000013eef8d86c0 JavaThread "Catalina-utility-1"                [_thread_blocked, id=17752, stack(0x0000000d17800000,0x0000000d17900000) (1024K)]
  0x0000013eef8d4bb0 JavaThread "Catalina-utility-2"                [_thread_blocked, id=18680, stack(0x0000000d17900000,0x0000000d17a00000) (1024K)]
  0x0000013eef8d4520 JavaThread "container-0"                       [_thread_blocked, id=10428, stack(0x0000000d17a00000,0x0000000d17b00000) (1024K)]
  0x0000013eef8d5240 JavaThread "PostgreSQL-JDBC-Cleaner"    daemon [_thread_blocked, id=2176, stack(0x0000000d17c00000,0x0000000d17d00000) (1024K)]
  0x0000013eef8d3800 JavaThread "HikariPool-1 housekeeper"   daemon [_thread_blocked, id=13844, stack(0x0000000d17d00000,0x0000000d17e00000) (1024K)]
  0x0000013eef8d65f0 JavaThread "File Watcher"               daemon [_thread_blocked, id=10572, stack(0x0000000d17f00000,0x0000000d18000000) (1024K)]
  0x0000013eef8d2ae0 JavaThread "Live Reload Server"         daemon [_thread_in_native, id=19876, stack(0x0000000d18100000,0x0000000d18200000) (1024K)]
  0x0000013eef8d7310 JavaThread "MessageBroker-1"                   [_thread_blocked, id=23016, stack(0x0000000d18000000,0x0000000d18100000) (1024K)]
  0x0000013eef8d8d50 JavaThread "http-nio-8082-exec-1"       daemon [_thread_blocked, id=12568, stack(0x0000000d18200000,0x0000000d18300000) (1024K)]
  0x0000013eef8d6c80 JavaThread "http-nio-8082-exec-2"       daemon [_thread_blocked, id=21728, stack(0x0000000d18300000,0x0000000d18400000) (1024K)]
  0x0000013eef8d79a0 JavaThread "http-nio-8082-exec-3"       daemon [_thread_blocked, id=13124, stack(0x0000000d18400000,0x0000000d18500000) (1024K)]
  0x0000013eef8d8030 JavaThread "http-nio-8082-exec-4"       daemon [_thread_blocked, id=21924, stack(0x0000000d18500000,0x0000000d18600000) (1024K)]
  0x0000013eef8d1dc0 JavaThread "http-nio-8082-exec-5"       daemon [_thread_blocked, id=18492, stack(0x0000000d18600000,0x0000000d18700000) (1024K)]
  0x0000013eef8d93e0 JavaThread "http-nio-8082-exec-6"       daemon [_thread_blocked, id=23852, stack(0x0000000d18700000,0x0000000d18800000) (1024K)]
  0x0000013eef8d2450 JavaThread "http-nio-8082-exec-7"       daemon [_thread_blocked, id=18960, stack(0x0000000d18800000,0x0000000d18900000) (1024K)]
  0x0000013eef8d3170 JavaThread "http-nio-8082-exec-8"       daemon [_thread_blocked, id=16200, stack(0x0000000d18900000,0x0000000d18a00000) (1024K)]
  0x0000013ef1940fd0 JavaThread "http-nio-8082-exec-9"       daemon [_thread_blocked, id=16900, stack(0x0000000d18a00000,0x0000000d18b00000) (1024K)]
  0x0000013ef193ce30 JavaThread "http-nio-8082-exec-10"      daemon [_thread_blocked, id=15796, stack(0x0000000d18b00000,0x0000000d18c00000) (1024K)]
  0x0000013ef1941660 JavaThread "http-nio-8082-Poller"       daemon [_thread_in_native, id=5040, stack(0x0000000d18c00000,0x0000000d18d00000) (1024K)]
  0x0000013ef19402b0 JavaThread "http-nio-8082-Acceptor"     daemon [_thread_in_native, id=24268, stack(0x0000000d18d00000,0x0000000d18e00000) (1024K)]
  0x0000013ef193ad60 JavaThread "DestroyJavaVM"                     [_thread_blocked, id=20884, stack(0x0000000d15900000,0x0000000d15a00000) (1024K)]
  0x0000013ef193a6d0 JavaThread "RMI TCP Connection(idle)"   daemon [_thread_blocked, id=8840, stack(0x0000000d17300000,0x0000000d17400000) (1024K)]
Total: 35

Other Threads:
=>0x0000013eea464bc0 VMThread "VM Thread"                           [id=23468, stack(0x0000000d16000000,0x0000000d16100000) (1024K)]
  0x0000013eea451270 WatcherThread "VM Periodic Task Thread"        [id=6928, stack(0x0000000d15f00000,0x0000000d16000000) (1024K)]
  0x0000013ed78925b0 WorkerThread "GC Thread#0"                     [id=4404, stack(0x0000000d15a00000,0x0000000d15b00000) (1024K)]
  0x0000013eef470820 WorkerThread "GC Thread#1"                     [id=16984, stack(0x0000000d16e00000,0x0000000d16f00000) (1024K)]
  0x0000013eef470bc0 WorkerThread "GC Thread#2"                     [id=23116, stack(0x0000000d16f00000,0x0000000d17000000) (1024K)]
  0x0000013eef44e1f0 WorkerThread "GC Thread#3"                     [id=17608, stack(0x0000000d17000000,0x0000000d17100000) (1024K)]
  0x0000013eef44e590 WorkerThread "GC Thread#4"                     [id=15300, stack(0x0000000d17100000,0x0000000d17200000) (1024K)]
  0x0000013eef44e930 WorkerThread "GC Thread#5"                     [id=7116, stack(0x0000000d17200000,0x0000000d17300000) (1024K)]
  0x0000013ed78a32a0 ConcurrentGCThread "G1 Main Marker"            [id=4584, stack(0x0000000d15b00000,0x0000000d15c00000) (1024K)]
  0x0000013ed78a3bb0 WorkerThread "G1 Conc#0"                       [id=15448, stack(0x0000000d15c00000,0x0000000d15d00000) (1024K)]
  0x0000013eefef0020 WorkerThread "G1 Conc#1"                       [id=17392, stack(0x0000000d17500000,0x0000000d17600000) (1024K)]
  0x0000013eea314500 ConcurrentGCThread "G1 Refine#0"               [id=8576, stack(0x0000000d15d00000,0x0000000d15e00000) (1024K)]
  0x0000013ed78ed050 ConcurrentGCThread "G1 Service"                [id=22836, stack(0x0000000d15e00000,0x0000000d15f00000) (1024K)]
Total: 13

Threads with active compile tasks:
Total: 0

VM state: at safepoint (normal execution)

VM Mutex/Monitor currently owned by a thread:  ([mutex/lock_event])
[0x00007ff9030d2da8] Threads_lock - owner thread: 0x0000013eea464bc0
[0x00007ff9030d2ea8] Heap_lock - owner thread: 0x0000013eef8d6c80

Heap address: 0x0000000701000000, size: 4080 MB, Compressed Oops mode: Zero based, Oop shift amount: 3

CDS archive(s) mapped at: [0x0000013e80000000-0x0000013e80c90000-0x0000013e80c90000), size 13172736, SharedBaseAddress: 0x0000013e80000000, ArchiveRelocationMode: 1.
Compressed class space mapped at: 0x0000013e81000000-0x0000013ec1000000, reserved size: 1073741824
Narrow klass base: 0x0000013e80000000, Narrow klass shift: 0, Narrow klass range: 0x100000000

GC Precious Log:
 CardTable entry size: 512
 Card Set container configuration: InlinePtr #cards 4 size 8 Array Of Cards #cards 16 size 48 Howl #buckets 8 coarsen threshold 3686 Howl Bitmap #cards 512 size 80 coarsen threshold 460 Card regions per heap region 1 cards per card region 4096
 CPUs: 6 total, 6 available
 Memory: 16317M
 Large Page Support: Disabled
 NUMA Support: Disabled
 Compressed Oops: Enabled (Zero based)
 Heap Region Size: 2M
 Heap Min Capacity: 8M
 Heap Initial Capacity: 256M
 Heap Max Capacity: 4080M
 Pre-touch: Disabled
 Parallel Workers: 6
 Concurrent Workers: 2
 Concurrent Refinement Workers: 6
 Periodic GC: Disabled

Heap:
 garbage-first heap   total 61440K, used 30915K [0x0000000701000000, 0x0000000800000000)
  region size 2048K, 2 young (4096K), 2 survivors (4096K)
 Metaspace       used 65248K, committed 66048K, reserved 1114112K
  class space    used 9337K, committed 9728K, reserved 1048576K

Heap Regions: E=young(eden), S=young(survivor), O=old, HS=humongous(starts), HC=humongous(continues), CS=collection set, F=free, TAMS=top-at-mark-start, PB=parsable bottom
|   0|0x0000000701000000, 0x0000000701200000, 0x0000000701200000|100%| O|  |TAMS 0x0000000701000000| PB 0x0000000701000000| Untracked 
|   1|0x0000000701200000, 0x0000000701400000, 0x0000000701400000|100%| O|  |TAMS 0x0000000701200000| PB 0x0000000701200000| Untracked 
|   2|0x0000000701400000, 0x0000000701600000, 0x0000000701600000|100%| O|  |TAMS 0x0000000701400000| PB 0x0000000701400000| Untracked 
|   3|0x0000000701600000, 0x0000000701800000, 0x0000000701800000|100%| O|  |TAMS 0x0000000701600000| PB 0x0000000701600000| Untracked 
|   4|0x0000000701800000, 0x0000000701a00000, 0x0000000701a00000|100%| O|  |TAMS 0x0000000701800000| PB 0x0000000701800000| Untracked 
|   5|0x0000000701a00000, 0x0000000701c00000, 0x0000000701c00000|100%| O|  |TAMS 0x0000000701a00000| PB 0x0000000701a00000| Untracked 
|   6|0x0000000701c00000, 0x0000000701c00000, 0x0000000701e00000|  0%| F|  |TAMS 0x0000000701c00000| PB 0x0000000701c00000| Untracked 
|   7|0x0000000701e00000, 0x0000000702000000, 0x0000000702000000|100%| O|  |TAMS 0x0000000701e00000| PB 0x0000000701e00000| Untracked 
|   8|0x0000000702000000, 0x0000000702200000, 0x0000000702200000|100%| O|  |TAMS 0x0000000702000000| PB 0x0000000702000000| Untracked 
|   9|0x0000000702200000, 0x0000000702400000, 0x0000000702400000|100%| O|  |TAMS 0x0000000702200000| PB 0x0000000702200000| Untracked 
|  10|0x0000000702400000, 0x0000000702600000, 0x0000000702600000|100%| O|  |TAMS 0x0000000702400000| PB 0x0000000702400000| Untracked 
|  11|0x0000000702600000, 0x0000000702800000, 0x0000000702800000|100%| O|  |TAMS 0x0000000702600000| PB 0x0000000702600000| Untracked 
|  12|0x0000000702800000, 0x0000000702a00000, 0x0000000702a00000|100%| O|  |TAMS 0x0000000702800000| PB 0x0000000702800000| Untracked 
|  13|0x0000000702a00000, 0x0000000702c00000, 0x0000000702c00000|100%| O|  |TAMS 0x0000000702a00000| PB 0x0000000702a00000| Untracked 
|  14|0x0000000702c00000, 0x0000000702c00000, 0x0000000702e00000|  0%| F|  |TAMS 0x0000000702c00000| PB 0x0000000702c00000| Untracked 
|  15|0x0000000702e00000, 0x0000000702e00000, 0x0000000703000000|  0%| F|  |TAMS 0x0000000702e00000| PB 0x0000000702e00000| Untracked 
|  16|0x0000000703000000, 0x00000007031fe2e0, 0x0000000703200000| 99%| O|  |TAMS 0x0000000703000000| PB 0x0000000703000000| Untracked 
|  17|0x0000000703200000, 0x0000000703232ac0, 0x0000000703400000|  9%| S|CS|TAMS 0x0000000703200000| PB 0x0000000703200000| Complete 
|  18|0x0000000703400000, 0x0000000703600000, 0x0000000703600000|100%| S|CS|TAMS 0x0000000703400000| PB 0x0000000703400000| Complete 
|  19|0x0000000703600000, 0x0000000703600000, 0x0000000703800000|  0%| F|  |TAMS 0x0000000703600000| PB 0x0000000703600000| Untracked 
|  20|0x0000000703800000, 0x0000000703800000, 0x0000000703a00000|  0%| F|  |TAMS 0x0000000703800000| PB 0x0000000703800000| Untracked 
|  21|0x0000000703a00000, 0x0000000703a00000, 0x0000000703c00000|  0%| F|  |TAMS 0x0000000703a00000| PB 0x0000000703a00000| Untracked 
|  22|0x0000000703c00000, 0x0000000703c00000, 0x0000000703e00000|  0%| F|  |TAMS 0x0000000703c00000| PB 0x0000000703c00000| Untracked 
|  23|0x0000000703e00000, 0x0000000703e00000, 0x0000000704000000|  0%| F|  |TAMS 0x0000000703e00000| PB 0x0000000703e00000| Untracked 
|  24|0x0000000704000000, 0x0000000704000000, 0x0000000704200000|  0%| F|  |TAMS 0x0000000704000000| PB 0x0000000704000000| Untracked 
|  96|0x000000070d000000, 0x000000070d000000, 0x000000070d200000|  0%| F|  |TAMS 0x000000070d000000| PB 0x000000070d000000| Untracked 
|  97|0x000000070d200000, 0x000000070d200000, 0x000000070d400000|  0%| F|  |TAMS 0x000000070d200000| PB 0x000000070d200000| Untracked 
|  98|0x000000070d400000, 0x000000070d400000, 0x000000070d600000|  0%| F|  |TAMS 0x000000070d400000| PB 0x000000070d400000| Untracked 
|  99|0x000000070d600000, 0x000000070d600000, 0x000000070d800000|  0%| F|  |TAMS 0x000000070d600000| PB 0x000000070d600000| Untracked 
| 127|0x0000000710e00000, 0x0000000710e00000, 0x0000000711000000|  0%| F|  |TAMS 0x0000000710e00000| PB 0x0000000710e00000| Untracked 

Card table byte_map: [0x0000013ee34a0000,0x0000013ee3ca0000] _byte_map_base: 0x0000013edfc98000

Marking Bits: (CMBitMap*) 0x0000013ed7892ac0
 Bits: [0x0000013ee3ca0000, 0x0000013ee7c60000)

Polling page: 0x0000013ed6ff0000

Metaspace:

Usage:
  Non-class:     54.60 MB used.
      Class:      9.12 MB used.
       Both:     63.72 MB used.

Virtual space:
  Non-class space:       64.00 MB reserved,      55.00 MB ( 86%) committed,  1 nodes.
      Class space:        1.00 GB reserved,       9.50 MB ( <1%) committed,  1 nodes.
             Both:        1.06 GB reserved,      64.50 MB (  6%) committed. 

Chunk freelists:
   Non-Class:  8.88 MB
       Class:  6.42 MB
        Both:  15.30 MB

MaxMetaspaceSize: unlimited
CompressedClassSpaceSize: 1.00 GB
Initial GC threshold: 21.00 MB
Current GC threshold: 98.25 MB
CDS: on
 - commit_granule_bytes: 65536.
 - commit_granule_words: 8192.
 - virtual_space_node_default_size: 8388608.
 - enlarge_chunks_in_place: 1.
 - use_allocation_guard: 0.


Internal statistics:

num_allocs_failed_limit: 9.
num_arena_births: 1154.
num_arena_deaths: 0.
num_vsnodes_births: 2.
num_vsnodes_deaths: 0.
num_space_committed: 1032.
num_space_uncommitted: 0.
num_chunks_returned_to_freelist: 9.
num_chunks_taken_from_freelist: 3537.
num_chunk_merges: 9.
num_chunk_splits: 2538.
num_chunks_enlarged: 1947.
num_inconsistent_stats: 0.

CodeCache: size=49152Kb used=10072Kb max_used=11108Kb free=39079Kb
 bounds [0x0000013edfca0000, 0x0000013ee0780000, 0x0000013ee2ca0000]
 total_blobs=6277 nmethods=5574 adapters=627
 compilation: enabled
              stopped_count=0, restarted_count=0
 full_count=0

Compilation events (20 events):
Event: 34.293 Thread 0x0000013eea498fa0 5632       1       java.lang.invoke.MethodHandle::asCollectorChecks (75 bytes)
Event: 34.293 Thread 0x0000013eea498fa0 nmethod 5632 0x0000013edfe5d410 code [0x0000013edfe5d600, 0x0000013edfe5d948]
Event: 34.311 Thread 0x0000013eea498fa0 5633       1       java.lang.invoke.MethodHandle::withVarargs (39 bytes)
Event: 34.311 Thread 0x0000013eea498fa0 nmethod 5633 0x0000013edfe5cf90 code [0x0000013edfe5d140, 0x0000013edfe5d2b8]
Event: 34.311 Thread 0x0000013eea498fa0 5634       1       java.lang.invoke.MethodType::lastParameterType (25 bytes)
Event: 34.312 Thread 0x0000013eea498fa0 nmethod 5634 0x0000013edfe5cc10 code [0x0000013edfe5cdc0, 0x0000013edfe5cef8]
Event: 34.312 Thread 0x0000013eea498fa0 5635       1       java.lang.invoke.MethodHandle::asVarargsCollector (40 bytes)
Event: 34.312 Thread 0x0000013eea498fa0 nmethod 5635 0x0000013edfe5c610 code [0x0000013edfe5c7e0, 0x0000013edfe5ca40]
Event: 34.312 Thread 0x0000013eea498fa0 5636       1       java.lang.invoke.MethodHandleImpl::makeVarargsCollector (47 bytes)
Event: 34.312 Thread 0x0000013eea498fa0 nmethod 5636 0x0000013edfe5bc90 code [0x0000013edfe5bea0, 0x0000013edfe5c320]
Event: 34.312 Thread 0x0000013eea498fa0 5637       1       java.lang.invoke.MethodHandleImpl$AsVarargsCollector::<init> (11 bytes)
Event: 34.312 Thread 0x0000013eea498fa0 nmethod 5637 0x0000013edfe5b690 code [0x0000013edfe5b860, 0x0000013edfe5bb08]
Event: 34.312 Thread 0x0000013eea498fa0 5638       1       java.lang.invoke.MethodHandleImpl$AsVarargsCollector::<init> (17 bytes)
Event: 34.313 Thread 0x0000013eea498fa0 nmethod 5638 0x0000013edfe5b110 code [0x0000013edfe5b2e0, 0x0000013edfe5b580]
Event: 34.316 Thread 0x0000013eea498fa0 5639       1       java.util.Properties$LineReader::readLine (584 bytes)
Event: 34.318 Thread 0x0000013eea498fa0 nmethod 5639 0x0000013edfe59410 code [0x0000013edfe596a0, 0x0000013edfe5a870]
Event: 34.318 Thread 0x0000013eea498fa0 5640       1       org.springframework.core.annotation.AnnotationTypeMapping$MirrorSets::updateFrom (148 bytes)
Event: 34.319 Thread 0x0000013eea498fa0 nmethod 5640 0x0000013edfe57f90 code [0x0000013edfe58280, 0x0000013edfe58e20]
Event: 34.321 Thread 0x0000013eea498fa0 5641   !   1       jdk.proxy2.$Proxy8::annotationType (29 bytes)
Event: 34.321 Thread 0x0000013eea498fa0 nmethod 5641 0x0000013edfe57a10 code [0x0000013edfe57be0, 0x0000013edfe57e10]

GC Heap History (20 events):
Event: 1.455 GC heap after
{Heap after GC invocations=3 (full 0):
 garbage-first heap   total 262144K, used 14165K [0x0000000701000000, 0x0000000800000000)
  region size 2048K, 4 young (8192K), 4 survivors (8192K)
 Metaspace       used 21094K, committed 21504K, reserved 1114112K
  class space    used 2804K, committed 2944K, reserved 1048576K
}
Event: 1.822 GC heap before
{Heap before GC invocations=4 (full 0):
 garbage-first heap   total 61440K, used 42837K [0x0000000701000000, 0x0000000800000000)
  region size 2048K, 18 young (36864K), 4 survivors (8192K)
 Metaspace       used 23952K, committed 24384K, reserved 1114112K
  class space    used 3238K, committed 3392K, reserved 1048576K
}
Event: 1.826 GC heap after
{Heap after GC invocations=5 (full 0):
 garbage-first heap   total 61440K, used 15748K [0x0000000701000000, 0x0000000800000000)
  region size 2048K, 2 young (4096K), 2 survivors (4096K)
 Metaspace       used 23952K, committed 24384K, reserved 1114112K
  class space    used 3238K, committed 3392K, reserved 1048576K
}
Event: 2.206 GC heap before
{Heap before GC invocations=5 (full 0):
 garbage-first heap   total 61440K, used 42372K [0x0000000701000000, 0x0000000800000000)
  region size 2048K, 16 young (32768K), 2 survivors (4096K)
 Metaspace       used 28216K, committed 28800K, reserved 1114112K
  class space    used 3896K, committed 4160K, reserved 1048576K
}
Event: 2.210 GC heap after
{Heap after GC invocations=6 (full 0):
 garbage-first heap   total 61440K, used 18108K [0x0000000701000000, 0x0000000800000000)
  region size 2048K, 2 young (4096K), 2 survivors (4096K)
 Metaspace       used 28216K, committed 28800K, reserved 1114112K
  class space    used 3896K, committed 4160K, reserved 1048576K
}
Event: 2.602 GC heap before
{Heap before GC invocations=6 (full 0):
 garbage-first heap   total 61440K, used 48828K [0x0000000701000000, 0x0000000800000000)
  region size 2048K, 17 young (34816K), 2 survivors (4096K)
 Metaspace       used 33730K, committed 34304K, reserved 1114112K
  class space    used 4638K, committed 4864K, reserved 1048576K
}
Event: 2.605 GC heap after
{Heap after GC invocations=7 (full 0):
 garbage-first heap   total 61440K, used 20276K [0x0000000701000000, 0x0000000800000000)
  region size 2048K, 3 young (6144K), 3 survivors (6144K)
 Metaspace       used 33730K, committed 34304K, reserved 1114112K
  class space    used 4638K, committed 4864K, reserved 1048576K
}
Event: 2.701 GC heap before
{Heap before GC invocations=7 (full 0):
 garbage-first heap   total 61440K, used 26420K [0x0000000701000000, 0x0000000800000000)
  region size 2048K, 7 young (14336K), 3 survivors (6144K)
 Metaspace       used 35419K, committed 35968K, reserved 1114112K
  class space    used 4915K, committed 5184K, reserved 1048576K
}
Event: 2.704 GC heap after
{Heap after GC invocations=8 (full 0):
 garbage-first heap   total 61440K, used 20775K [0x0000000701000000, 0x0000000800000000)
  region size 2048K, 2 young (4096K), 2 survivors (4096K)
 Metaspace       used 35419K, committed 35968K, reserved 1114112K
  class space    used 4915K, committed 5184K, reserved 1048576K
}
Event: 3.160 GC heap before
{Heap before GC invocations=9 (full 0):
 garbage-first heap   total 61440K, used 47399K [0x0000000701000000, 0x0000000800000000)
  region size 2048K, 16 young (32768K), 2 survivors (4096K)
 Metaspace       used 43107K, committed 43776K, reserved 1114112K
  class space    used 6013K, committed 6336K, reserved 1048576K
}
Event: 3.162 GC heap after
{Heap after GC invocations=10 (full 0):
 garbage-first heap   total 61440K, used 22498K [0x0000000701000000, 0x0000000800000000)
  region size 2048K, 2 young (4096K), 2 survivors (4096K)
 Metaspace       used 43107K, committed 43776K, reserved 1114112K
  class space    used 6013K, committed 6336K, reserved 1048576K
}
Event: 3.628 GC heap before
{Heap before GC invocations=10 (full 0):
 garbage-first heap   total 61440K, used 53218K [0x0000000701000000, 0x0000000800000000)
  region size 2048K, 17 young (34816K), 2 survivors (4096K)
 Metaspace       used 51396K, committed 52032K, reserved 1114112K
  class space    used 7269K, committed 7552K, reserved 1048576K
}
Event: 3.632 GC heap after
{Heap after GC invocations=11 (full 0):
 garbage-first heap   total 61440K, used 23773K [0x0000000701000000, 0x0000000800000000)
  region size 2048K, 2 young (4096K), 2 survivors (4096K)
 Metaspace       used 51396K, committed 52032K, reserved 1114112K
  class space    used 7269K, committed 7552K, reserved 1048576K
}
Event: 4.242 GC heap before
{Heap before GC invocations=11 (full 0):
 garbage-first heap   total 61440K, used 52445K [0x0000000701000000, 0x0000000800000000)
  region size 2048K, 16 young (32768K), 2 survivors (4096K)
 Metaspace       used 57752K, committed 58496K, reserved 1114112K
  class space    used 8154K, committed 8448K, reserved 1048576K
}
Event: 4.245 GC heap after
{Heap after GC invocations=12 (full 0):
 garbage-first heap   total 61440K, used 25938K [0x0000000701000000, 0x0000000800000000)
  region size 2048K, 2 young (4096K), 2 survivors (4096K)
 Metaspace       used 57752K, committed 58496K, reserved 1114112K
  class space    used 8154K, committed 8448K, reserved 1048576K
}
Event: 4.366 GC heap before
{Heap before GC invocations=12 (full 0):
 garbage-first heap   total 61440K, used 34130K [0x0000000701000000, 0x0000000800000000)
  region size 2048K, 7 young (14336K), 2 survivors (4096K)
 Metaspace       used 59448K, committed 60160K, reserved 1114112K
  class space    used 8441K, committed 8768K, reserved 1048576K
}
Event: 4.368 GC heap after
{Heap after GC invocations=13 (full 0):
 garbage-first heap   total 61440K, used 26540K [0x0000000701000000, 0x0000000800000000)
  region size 2048K, 2 young (4096K), 2 survivors (4096K)
 Metaspace       used 59448K, committed 60160K, reserved 1114112K
  class space    used 8441K, committed 8768K, reserved 1048576K
}
Event: 4.677 GC heap before
{Heap before GC invocations=14 (full 0):
 garbage-first heap   total 61440K, used 51116K [0x0000000701000000, 0x0000000800000000)
  region size 2048K, 14 young (28672K), 2 survivors (4096K)
 Metaspace       used 61884K, committed 62656K, reserved 1114112K
  class space    used 8861K, committed 9216K, reserved 1048576K
}
Event: 4.680 GC heap after
{Heap after GC invocations=15 (full 0):
 garbage-first heap   total 61440K, used 29166K [0x0000000701000000, 0x0000000800000000)
  region size 2048K, 2 young (4096K), 2 survivors (4096K)
 Metaspace       used 61884K, committed 62656K, reserved 1114112K
  class space    used 8861K, committed 9216K, reserved 1048576K
}
Event: 34.334 GC heap before
{Heap before GC invocations=15 (full 0):
 garbage-first heap   total 61440K, used 49646K [0x0000000701000000, 0x0000000800000000)
  region size 2048K, 13 young (26624K), 2 survivors (4096K)
 Metaspace       used 65248K, committed 66048K, reserved 1114112K
  class space    used 9337K, committed 9728K, reserved 1048576K
}

Dll operation events (13 events):
Event: 0.014 Loaded shared library C:\Program Files\Java\jdk-21\bin\java.dll
Event: 0.151 Loaded shared library C:\Program Files\Java\jdk-21\bin\zip.dll
Event: 0.154 Loaded shared library C:\Program Files\Java\jdk-21\bin\instrument.dll
Event: 0.159 Loaded shared library C:\Program Files\Java\jdk-21\bin\net.dll
Event: 0.162 Loaded shared library C:\Program Files\Java\jdk-21\bin\nio.dll
Event: 0.165 Loaded shared library C:\Program Files\Java\jdk-21\bin\zip.dll
Event: 0.274 Loaded shared library C:\Program Files\JetBrains\IntelliJ IDEA 2024.1.4\bin\breakgen64.dll
Event: 0.279 Loaded shared library C:\Program Files\Java\jdk-21\bin\jimage.dll
Event: 0.284 Loaded shared library C:\Program Files\Java\jdk-21\bin\extnet.dll
Event: 0.297 Loaded shared library C:\Program Files\Java\jdk-21\bin\management.dll
Event: 0.307 Loaded shared library C:\Program Files\Java\jdk-21\bin\management_ext.dll
Event: 1.262 Loaded shared library C:\Program Files\Java\jdk-21\bin\sunmscapi.dll
Event: 2.674 Loaded shared library C:\Program Files\Java\jdk-21\bin\verify.dll

Deoptimization events (2 events):
Event: 2.022 Thread 0x0000013eea487fd0 DEOPT PACKING pc=0x0000013ee040a514 sp=0x0000000d174fbdf0
Event: 2.022 Thread 0x0000013eea487fd0 DEOPT UNPACKING pc=0x0000013edfcf4e42 sp=0x0000000d174fb2b0 mode 0

Classes loaded (20 events):
Event: 34.226 Loading class java/nio/channels/WritePendingException
Event: 34.226 Loading class java/nio/channels/WritePendingException done
Event: 34.229 Loading class java/util/concurrent/Semaphore
Event: 34.230 Loading class java/util/concurrent/Semaphore done
Event: 34.230 Loading class java/util/concurrent/Semaphore$NonfairSync
Event: 34.230 Loading class java/util/concurrent/Semaphore$Sync
Event: 34.230 Loading class java/util/concurrent/Semaphore$Sync done
Event: 34.230 Loading class java/util/concurrent/Semaphore$NonfairSync done
Event: 34.230 Loading class sun/nio/ch/SocketAdaptor
Event: 34.230 Loading class sun/nio/ch/SocketAdaptor done
Event: 34.230 Loading class sun/nio/ch/SocketChannelImpl$DefaultOptionsHolder
Event: 34.231 Loading class sun/nio/ch/SocketChannelImpl$DefaultOptionsHolder done
Event: 34.232 Loading class sun/nio/ch/SelectionKeyImpl
Event: 34.232 Loading class java/nio/channels/spi/AbstractSelectionKey
Event: 34.232 Loading class java/nio/channels/SelectionKey
Event: 34.232 Loading class java/nio/channels/SelectionKey done
Event: 34.232 Loading class java/nio/channels/spi/AbstractSelectionKey done
Event: 34.232 Loading class sun/nio/ch/SelectionKeyImpl done
Event: 34.232 Loading class java/lang/invoke/ConstantBootstraps
Event: 34.232 Loading class java/lang/invoke/ConstantBootstraps done

Classes unloaded (0 events):
No events

Classes redefined (0 events):
No events

Internal exceptions (20 events):
Event: 3.858 Thread 0x0000013eea487fd0 Exception <a 'java/lang/NoSuchMethodError'{0x0000000703f71fc0}: 'java.lang.Object java.lang.invoke.Invokers$Holder.linkToTargetMethod(java.lang.Object, java.lang.Object, java.lang.Object, java.lang.Object, java.lang.Object, java.lang.Object, int, java.lang.Object)'> (0x0000000703f71fc0) 
thrown [s\open\src\hotspot\share\interpreter\linkResolver.cpp, line 773]
Event: 3.876 Thread 0x0000013eea487fd0 Exception <a 'java/lang/NoSuchMethodError'{0x0000000703c7bc18}: 'java.lang.Object java.lang.invoke.DirectMethodHandle$Holder.newInvokeSpecial(java.lang.Object, java.lang.Object, int, java.lang.Object, int, java.lang.Object, java.lang.Object)'> (0x0000000703c7bc18) 
thrown [s\open\src\hotspot\share\interpreter\linkResolver.cpp, line 773]
Event: 4.134 Thread 0x0000013eea487fd0 Exception <a 'java/lang/NoSuchMethodError'{0x000000070399e040}: 'java.lang.Object java.lang.invoke.DirectMethodHandle$Holder.invokeSpecial(java.lang.Object, java.lang.Object, int, java.lang.Object, int)'> (0x000000070399e040) 
thrown [s\open\src\hotspot\share\interpreter\linkResolver.cpp, line 773]
Event: 4.190 Thread 0x0000013eea487fd0 Exception <a 'java/lang/IncompatibleClassChangeError'{0x0000000703273308}: Found class java.lang.Object, but interface was expected> (0x0000000703273308) 
thrown [s\open\src\hotspot\share\interpreter\linkResolver.cpp, line 840]
Event: 4.214 Thread 0x0000013eea487fd0 Exception <a 'java/lang/IncompatibleClassChangeError'{0x000000070300cd70}: Found class java.lang.Object, but interface was expected> (0x000000070300cd70) 
thrown [s\open\src\hotspot\share\interpreter\linkResolver.cpp, line 840]
Event: 4.308 Thread 0x0000013eea487fd0 Exception <a 'java/lang/IncompatibleClassChangeError'{0x000000070d4a1b60}: Found class java.lang.Object, but interface was expected> (0x000000070d4a1b60) 
thrown [s\open\src\hotspot\share\interpreter\linkResolver.cpp, line 840]
Event: 4.355 Thread 0x0000013eea487fd0 Exception <a 'java/lang/IncompatibleClassChangeError'{0x000000070d377070}: Found class java.lang.Object, but interface was expected> (0x000000070d377070) 
thrown [s\open\src\hotspot\share\interpreter\linkResolver.cpp, line 840]
Event: 4.356 Thread 0x0000013eea487fd0 Exception <a 'java/lang/IncompatibleClassChangeError'{0x000000070d37c810}: Found class java.lang.Object, but interface was expected> (0x000000070d37c810) 
thrown [s\open\src\hotspot\share\interpreter\linkResolver.cpp, line 840]
Event: 4.405 Thread 0x0000013eea487fd0 Exception <a 'java/lang/NoSuchMethodError'{0x0000000710f08380}: 'java.lang.Object java.lang.invoke.DirectMethodHandle$Holder.invokeStatic(java.lang.Object, int, java.lang.Object)'> (0x0000000710f08380) 
thrown [s\open\src\hotspot\share\interpreter\linkResolver.cpp, line 773]
Event: 4.415 Thread 0x0000013eea487fd0 Exception <a 'java/lang/NoSuchMethodError'{0x0000000710ff0478}: 'void java.lang.invoke.Invokers$Holder.invokeExact_MT(java.lang.Object, java.lang.Object, java.lang.Object, java.lang.Object)'> (0x0000000710ff0478) 
thrown [s\open\src\hotspot\share\interpreter\linkResolver.cpp, line 773]
Event: 4.551 Thread 0x0000013eea487fd0 Exception <a 'java/lang/NoSuchMethodError'{0x0000000703bdb4d8}: 'java.lang.Object java.lang.invoke.DirectMethodHandle$Holder.invokeVirtual(java.lang.Object, java.lang.Object, java.lang.Object, java.lang.Object, java.lang.Object, java.lang.Object, java.lang.Object)'> (0x0000000703bdb4d8) 
thrown [s\open\src\hotspot\share\interpreter\linkResolver.cpp, line 773]
Event: 4.552 Thread 0x0000013eea487fd0 Exception <a 'java/lang/NoSuchMethodError'{0x0000000703bf7ca0}: 'java.lang.Object java.lang.invoke.DirectMethodHandle$Holder.invokeVirtual(java.lang.Object, java.lang.Object, java.lang.Object, java.lang.Object, java.lang.Object, java.lang.Object, java.lang.Object, java.lang.Object)'> (0x0000000703bf7ca0) 
thrown [s\open\src\hotspot\share\interpreter\linkResolver.cpp, line 773]
Event: 4.571 Thread 0x0000013eea487fd0 Exception <a 'java/lang/NoSuchMethodError'{0x00000007039ae108}: 'java.lang.Object java.lang.invoke.DirectMethodHandle$Holder.newInvokeSpecial(java.lang.Object, java.lang.Object, java.lang.Object, java.lang.Object, java.lang.Object, java.lang.Object, java.lang.Object, java.lang.Object)'> (0x00000007039ae108) 
thrown [s\open\src\hotspot\share\interpreter\linkResolver.cpp, line 773]
Event: 4.684 Thread 0x0000013eea487fd0 Exception <a 'java/lang/IncompatibleClassChangeError'{0x0000000710e404b8}: Found class java.lang.Object, but interface was expected> (0x0000000710e404b8) 
thrown [s\open\src\hotspot\share\interpreter\linkResolver.cpp, line 840]
Event: 4.769 Thread 0x0000013eea487fd0 Exception <a 'java/lang/IncompatibleClassChangeError'{0x000000070d2db600}: Found class java.lang.Object, but interface was expected> (0x000000070d2db600) 
thrown [s\open\src\hotspot\share\interpreter\linkResolver.cpp, line 840]
Event: 4.788 Thread 0x0000013eea487fd0 Exception <a 'java/lang/NoSuchMethodError'{0x000000070d049280}: 'java.lang.Object java.lang.invoke.Invokers$Holder.invoke_MT(java.lang.Object, java.lang.Object, java.lang.Object, java.lang.Object, java.lang.Object, java.lang.Object, java.lang.Object, java.lang.Object, java.lang.Object, java.lang.Object, java.lang.Object)'> (0x000000070d049280) 
thrown [s\open\src\hotspot\share\interpreter\linkResolver.cpp, line 773]
Event: 4.856 Thread 0x0000013eea487fd0 Exception <a 'java/lang/NoSuchMethodError'{0x0000000703e2dde0}: 'java.lang.Object java.lang.invoke.DirectMethodHandle$Holder.newInvokeSpecial(java.lang.Object, java.lang.Object, int, java.lang.Object, java.lang.Object)'> (0x0000000703e2dde0) 
thrown [s\open\src\hotspot\share\interpreter\linkResolver.cpp, line 773]
Event: 5.115 Thread 0x0000013ef193a6d0 Exception <a 'java/lang/NoSuchMethodError'{0x0000000703d6d018}: 'java.lang.Object java.lang.invoke.DirectMethodHandle$Holder.invokeInterface(java.lang.Object, java.lang.Object, java.lang.Object, java.lang.Object, java.lang.Object, java.lang.Object, java.lang.Object)'> (0x0000000703d6d018) 
thrown [s\open\src\hotspot\share\interpreter\linkResolver.cpp, line 773]
Event: 34.260 Thread 0x0000013eef8d8d50 Exception <a 'java/lang/NoSuchMethodError'{0x0000000703884fa8}: 'java.lang.Object java.lang.invoke.DirectMethodHandle$Holder.invokeSpecial(java.lang.Object, java.lang.Object, java.lang.Object, java.lang.Object, java.lang.Object, long)'> (0x0000000703884fa8) 
thrown [s\open\src\hotspot\share\interpreter\linkResolver.cpp, line 773]
Event: 34.260 Thread 0x0000013eef8d8d50 Exception <a 'java/lang/NoSuchMethodError'{0x0000000703888768}: 'java.lang.Object java.lang.invoke.Invokers$Holder.linkToTargetMethod(java.lang.Object, java.lang.Object, java.lang.Object, long, java.lang.Object)'> (0x0000000703888768) 
thrown [s\open\src\hotspot\share\interpreter\linkResolver.cpp, line 773]

ZGC Phase Switch (0 events):
No events

VM Operations (20 events):
Event: 4.394 Executing VM operation: G1PauseCleanup done
Event: 4.595 Executing VM operation: HandshakeAllThreads (Deoptimize)
Event: 4.595 Executing VM operation: HandshakeAllThreads (Deoptimize) done
Event: 4.596 Executing VM operation: HandshakeAllThreads (Deoptimize)
Event: 4.596 Executing VM operation: HandshakeAllThreads (Deoptimize) done
Event: 4.603 Executing VM operation: HandshakeAllThreads (Deoptimize)
Event: 4.603 Executing VM operation: HandshakeAllThreads (Deoptimize) done
Event: 4.677 Executing VM operation: G1CollectForAllocation (G1 Evacuation Pause)
Event: 4.680 Executing VM operation: G1CollectForAllocation (G1 Evacuation Pause) done
Event: 4.716 Executing VM operation: HandshakeAllThreads (Deoptimize)
Event: 4.716 Executing VM operation: HandshakeAllThreads (Deoptimize) done
Event: 4.855 Executing VM operation: HandshakeAllThreads (Deoptimize)
Event: 4.855 Executing VM operation: HandshakeAllThreads (Deoptimize) done
Event: 5.865 Executing VM operation: Cleanup
Event: 5.865 Executing VM operation: Cleanup done
Event: 34.273 Executing VM operation: HandshakeAllThreads (Deoptimize)
Event: 34.273 Executing VM operation: HandshakeAllThreads (Deoptimize) done
Event: 34.273 Executing VM operation: Cleanup
Event: 34.273 Executing VM operation: Cleanup done
Event: 34.334 Executing VM operation: G1CollectForAllocation (G1 Evacuation Pause)

Events (20 events):
Event: 4.863 Thread 0x0000013eef8d2450 Thread added: 0x0000013eef8d2450
Event: 4.863 Thread 0x0000013eef8d3170 Thread added: 0x0000013eef8d3170
Event: 4.863 Thread 0x0000013ef1940fd0 Thread added: 0x0000013ef1940fd0
Event: 4.863 Thread 0x0000013ef193ce30 Thread added: 0x0000013ef193ce30
Event: 4.870 Thread 0x0000013ef1941660 Thread added: 0x0000013ef1941660
Event: 4.871 Thread 0x0000013ef19402b0 Thread added: 0x0000013ef19402b0
Event: 4.881 Thread 0x0000013eea487fd0 Thread exited: 0x0000013eea487fd0
Event: 4.882 Thread 0x0000013eea489a10 Thread exited: 0x0000013eea489a10
Event: 4.882 Thread 0x0000013ed7829df0 Thread exited: 0x0000013ed7829df0
Event: 4.883 Thread 0x0000013ef193ad60 Thread added: 0x0000013ef193ad60
Event: 5.106 Thread 0x0000013ef193a6d0 Thread added: 0x0000013ef193a6d0
Event: 5.111 Thread 0x0000013ef193a6d0 Thread exited: 0x0000013ef193a6d0
Event: 5.112 Thread 0x0000013ef193a6d0 Thread added: 0x0000013ef193a6d0
Event: 5.113 Thread 0x0000013ef193c7a0 Thread added: 0x0000013ef193c7a0
Event: 5.117 Thread 0x0000013ef193c7a0 Thread exited: 0x0000013ef193c7a0
Event: 5.117 Thread 0x0000013ef193f590 Thread added: 0x0000013ef193f590
Event: 5.125 Thread 0x0000013ef193f590 Thread exited: 0x0000013ef193f590
Event: 6.478 Thread 0x0000013eea6cc450 Thread exited: 0x0000013eea6cc450
Event: 6.478 Thread 0x0000013eea6ce660 Thread exited: 0x0000013eea6ce660
Event: 8.811 Thread 0x0000013eef8d5f60 Thread exited: 0x0000013eef8d5f60


Dynamic libraries:
0x00007ff626b40000 - 0x00007ff626b50000 	C:\Program Files\Java\jdk-21\bin\java.exe
0x00007ff92ad90000 - 0x00007ff92af88000 	C:\Windows\SYSTEM32\ntdll.dll
0x00007ff929910000 - 0x00007ff9299d2000 	C:\Windows\System32\KERNEL32.DLL
0x00007ff928a00000 - 0x00007ff928cf6000 	C:\Windows\System32\KERNELBASE.dll
0x00007ff9285c0000 - 0x00007ff9286c0000 	C:\Windows\System32\ucrtbase.dll
0x00007ff903ce0000 - 0x00007ff903cfb000 	C:\Program Files\Java\jdk-21\bin\VCRUNTIME140.dll
0x00007ff9032a0000 - 0x00007ff9032b9000 	C:\Program Files\Java\jdk-21\bin\jli.dll
0x00007ff92a5f0000 - 0x00007ff92a6a1000 	C:\Windows\System32\ADVAPI32.dll
0x00007ff92a370000 - 0x00007ff92a40e000 	C:\Windows\System32\msvcrt.dll
0x00007ff92a420000 - 0x00007ff92a4bf000 	C:\Windows\System32\sechost.dll
0x00007ff92a860000 - 0x00007ff92a983000 	C:\Windows\System32\RPCRT4.dll
0x00007ff9286f0000 - 0x00007ff928717000 	C:\Windows\System32\bcrypt.dll
0x00007ff92ab00000 - 0x00007ff92ac9d000 	C:\Windows\System32\USER32.dll
0x00007ff9286c0000 - 0x00007ff9286e2000 	C:\Windows\System32\win32u.dll
0x00007ff9131e0000 - 0x00007ff91347a000 	C:\Windows\WinSxS\amd64_microsoft.windows.common-controls_6595b64144ccf1df_6.0.19041.5915_none_60b4b9d171f9c7c7\COMCTL32.dll
0x00007ff9298b0000 - 0x00007ff9298db000 	C:\Windows\System32\GDI32.dll
0x00007ff9284a0000 - 0x00007ff9285b9000 	C:\Windows\System32\gdi32full.dll
0x00007ff9288d0000 - 0x00007ff92896d000 	C:\Windows\System32\msvcp_win.dll
0x00007ff922bc0000 - 0x00007ff922bca000 	C:\Windows\SYSTEM32\VERSION.dll
0x00007ff9298e0000 - 0x00007ff92990f000 	C:\Windows\System32\IMM32.DLL
0x00007ff903290000 - 0x00007ff90329c000 	C:\Program Files\Java\jdk-21\bin\vcruntime140_1.dll
0x00007ff9031b0000 - 0x00007ff90323e000 	C:\Program Files\Java\jdk-21\bin\msvcp140.dll
0x00007ff9024a0000 - 0x00007ff9031ad000 	C:\Program Files\Java\jdk-21\bin\server\jvm.dll
0x00007ff92a6c0000 - 0x00007ff92a72b000 	C:\Windows\System32\WS2_32.dll
0x00007ff91acb0000 - 0x00007ff91acd7000 	C:\Windows\SYSTEM32\WINMM.dll
0x00007ff927980000 - 0x00007ff9279cb000 	C:\Windows\SYSTEM32\POWRPROF.dll
0x00007ff927820000 - 0x00007ff927832000 	C:\Windows\SYSTEM32\UMPDC.dll
0x00007ff926280000 - 0x00007ff926292000 	C:\Windows\SYSTEM32\kernel.appcore.dll
0x00007ff903280000 - 0x00007ff90328a000 	C:\Program Files\Java\jdk-21\bin\jimage.dll
0x00007ff91a060000 - 0x00007ff91a261000 	C:\Windows\SYSTEM32\DBGHELP.DLL
0x00007ff90d5b0000 - 0x00007ff90d5e4000 	C:\Windows\SYSTEM32\dbgcore.DLL
0x00007ff928970000 - 0x00007ff9289f2000 	C:\Windows\System32\bcryptPrimitives.dll
0x00007ff925200000 - 0x00007ff92520f000 	C:\Program Files\Java\jdk-21\bin\instrument.dll
0x00007ff902460000 - 0x00007ff90247f000 	C:\Program Files\Java\jdk-21\bin\java.dll
0x00007ff929a70000 - 0x00007ff92a1de000 	C:\Windows\System32\SHELL32.dll
0x00007ff926480000 - 0x00007ff926c24000 	C:\Windows\SYSTEM32\windows.storage.dll
0x00007ff929280000 - 0x00007ff9295d3000 	C:\Windows\System32\combase.dll
0x00007ff927e50000 - 0x00007ff927e7b000 	C:\Windows\SYSTEM32\Wldp.dll
0x00007ff92a520000 - 0x00007ff92a5ed000 	C:\Windows\System32\OLEAUT32.dll
0x00007ff92a2a0000 - 0x00007ff92a34d000 	C:\Windows\System32\SHCORE.dll
0x00007ff929220000 - 0x00007ff92927b000 	C:\Windows\System32\shlwapi.dll
0x00007ff928350000 - 0x00007ff928374000 	C:\Windows\SYSTEM32\profapi.dll
0x00007ff902340000 - 0x00007ff902358000 	C:\Program Files\Java\jdk-21\bin\zip.dll
0x00007ff902490000 - 0x00007ff9024a0000 	C:\Program Files\Java\jdk-21\bin\net.dll
0x00007ff9227f0000 - 0x00007ff9228fa000 	C:\Windows\SYSTEM32\WINHTTP.dll
0x00007ff927b60000 - 0x00007ff927bca000 	C:\Windows\system32\mswsock.dll
0x00007ff902360000 - 0x00007ff902376000 	C:\Program Files\Java\jdk-21\bin\nio.dll
0x00007ff91fcd0000 - 0x00007ff91fcea000 	C:\Program Files\JetBrains\IntelliJ IDEA 2024.1.4\bin\breakgen64.dll
0x00007ff903cb0000 - 0x00007ff903cb9000 	C:\Program Files\Java\jdk-21\bin\extnet.dll
0x00007ff927840000 - 0x00007ff92790a000 	C:\Windows\SYSTEM32\DNSAPI.dll
0x00007ff9277e0000 - 0x00007ff92781b000 	C:\Windows\SYSTEM32\IPHLPAPI.DLL
0x00007ff92aa10000 - 0x00007ff92aa18000 	C:\Windows\System32\NSI.dll
0x00007ff921780000 - 0x00007ff92178a000 	C:\Windows\System32\rasadhlp.dll
0x00007ff920fc0000 - 0x00007ff921040000 	C:\Windows\System32\fwpuclnt.dll
0x00007ff8fee60000 - 0x00007ff8fee6a000 	C:\Program Files\Java\jdk-21\bin\management.dll
0x00007ff8febf0000 - 0x00007ff8febfb000 	C:\Program Files\Java\jdk-21\bin\management_ext.dll
0x00007ff92a6b0000 - 0x00007ff92a6b8000 	C:\Windows\System32\PSAPI.DLL
0x00007ff927d20000 - 0x00007ff927d38000 	C:\Windows\SYSTEM32\CRYPTSP.dll
0x00007ff9273c0000 - 0x00007ff9273f8000 	C:\Windows\system32\rsaenh.dll
0x00007ff928310000 - 0x00007ff92833e000 	C:\Windows\SYSTEM32\USERENV.dll
0x00007ff927d10000 - 0x00007ff927d1c000 	C:\Windows\SYSTEM32\CRYPTBASE.dll
0x00007ff9088b0000 - 0x00007ff9088c7000 	C:\Windows\system32\napinsp.dll
0x00007ff908890000 - 0x00007ff9088ab000 	C:\Windows\system32\pnrpnsp.dll
0x00007ff908870000 - 0x00007ff90888d000 	C:\Windows\system32\wshbth.dll
0x00007ff9249b0000 - 0x00007ff9249cd000 	C:\Windows\system32\NLAapi.dll
0x00007ff908850000 - 0x00007ff908862000 	C:\Windows\System32\winrnr.dll
0x00007ff903310000 - 0x00007ff90331e000 	C:\Program Files\Java\jdk-21\bin\sunmscapi.dll
0x00007ff928770000 - 0x00007ff9288cd000 	C:\Windows\System32\CRYPT32.dll
0x00007ff927ec0000 - 0x00007ff927ee7000 	C:\Windows\SYSTEM32\ncrypt.dll
0x00007ff927e80000 - 0x00007ff927ebb000 	C:\Windows\SYSTEM32\NTASN1.dll
0x00007ff903320000 - 0x00007ff903330000 	C:\Program Files\Java\jdk-21\bin\verify.dll
0x00007ff8fee70000 - 0x00007ff8fee77000 	C:\Windows\system32\wshunix.dll

dbghelp: loaded successfully - version: 4.0.5 - missing functions: none
symbol engine: initialized successfully - sym options: 0x614 - pdb path: .;C:\Program Files\Java\jdk-21\bin;C:\Windows\SYSTEM32;C:\Windows\WinSxS\amd64_microsoft.windows.common-controls_6595b64144ccf1df_6.0.19041.5915_none_60b4b9d171f9c7c7;C:\Program Files\Java\jdk-21\bin\server;C:\Program Files\JetBrains\IntelliJ IDEA 2024.1.4\bin

VM Arguments:
jvm_args: -XX:TieredStopAtLevel=1 -Dspring.output.ansi.enabled=always -Dcom.sun.management.jmxremote -Dspring.jmx.enabled=true -Dspring.liveBeansView.mbeanDomain -Dspring.application.admin.enabled=true -Dmanagement.endpoints.jmx.exposure.include=* -javaagent:C:\Program Files\JetBrains\IntelliJ IDEA 2024.1.4\lib\idea_rt.jar=62251:C:\Program Files\JetBrains\IntelliJ IDEA 2024.1.4\bin -Dfile.encoding=UTF-8 -Dsun.stdout.encoding=UTF-8 -Dsun.stderr.encoding=UTF-8 
java_command: br.com.socketchat.chat.ChatApplication
java_class_path (initial): C:\Users\Rober\Pictures\Chat\target\classes;C:\Users\Rober\.m2\repository\org\springframework\boot\spring-boot-starter-data-jpa\3.4.4\spring-boot-starter-data-jpa-3.4.4.jar;C:\Users\Rober\.m2\repository\org\springframework\boot\spring-boot-starter\3.4.4\spring-boot-starter-3.4.4.jar;C:\Users\Rober\.m2\repository\org\springframework\boot\spring-boot-starter-logging\3.4.4\spring-boot-starter-logging-3.4.4.jar;C:\Users\Rober\.m2\repository\ch\qos\logback\logback-classic\1.5.18\logback-classic-1.5.18.jar;C:\Users\Rober\.m2\repository\ch\qos\logback\logback-core\1.5.18\logback-core-1.5.18.jar;C:\Users\Rober\.m2\repository\org\apache\logging\log4j\log4j-to-slf4j\2.24.3\log4j-to-slf4j-2.24.3.jar;C:\Users\Rober\.m2\repository\org\apache\logging\log4j\log4j-api\2.24.3\log4j-api-2.24.3.jar;C:\Users\Rober\.m2\repository\org\slf4j\jul-to-slf4j\2.0.17\jul-to-slf4j-2.0.17.jar;C:\Users\Rober\.m2\repository\jakarta\annotation\jakarta.annotation-api\2.1.1\jakarta.annotation-api-2.1.1.jar;C:\Users\Rober\.m2\repository\org\yaml\snakeyaml\2.3\snakeyaml-2.3.jar;C:\Users\Rober\.m2\repository\org\springframework\boot\spring-boot-starter-jdbc\3.4.4\spring-boot-starter-jdbc-3.4.4.jar;C:\Users\Rober\.m2\repository\com\zaxxer\HikariCP\5.1.0\HikariCP-5.1.0.jar;C:\Users\Rober\.m2\repository\org\springframework\spring-jdbc\6.2.5\spring-jdbc-6.2.5.jar;C:\Users\Rober\.m2\repository\org\hibernate\orm\hibernate-core\6.6.11.Final\hibernate-core-6.6.11.Final.jar;C:\Users\Rober\.m2\repository\jakarta\persistence\jakarta.persistence-api\3.1.0\jakarta.persistence-api-3.1.0.jar;C:\Users\Rober\.m2\repository\jakarta\transaction\jakarta.transaction-api\2.0.1\jakarta.transaction-api-2.0.1.jar;C:\Users\Rober\.m2\repository\org\jboss\logging\jboss-logging\3.6.1.Final\jboss-logging-3.6.1.Final.jar;C:\Users\Rober\.m2\repository\org\hibernate\common\hibernate-commons-annotations\7.0.3.Final\hibernate-commons-annotations-7.0.3.Final.jar;C:\Users\Rober\.m2\repository\io\smallrye\jandex\3.2.0\jandex-3.2.0.jar;C:\Users\Rober\.m2\repository\com\fasterxml\classmate\1.7.0\classmate-1.7.0.jar;C:\Users\Rober\.m2\repository\net\bytebuddy\byte-buddy\1.15.11\byte-buddy-1.15.11.jar;C:\Users\Rober\.m2\repository\org\glassfish\jaxb\jaxb-runtime\4.0.5\jaxb-runtime-4.0.5.jar;C:\Users\Rober\.m2\repository\org\glassfish\jaxb\jaxb-core\4.0.5\jaxb-core-4.0.5.jar;C:\Users\Rober\.m2\repository\org\eclipse\angus\angus-activation\2.0.2\angus-activation-2.0.2.jar;C:\Users\Rober\.m2\repository\org\glassfish\jaxb\txw2\4.0.5\txw2-4.0.5.jar;C:\Users\Rober\.m2\repository\com\sun\istack\istack-commons-runtime\4.1.2\istack-commons-runtime-4.1.2.jar;C:\Users\Rober\.m2\repository\jakarta\inject\jakarta.inject-api\2.0.1\jakarta.inject-api-2.0.1.jar;C:\Users\Rober\.m2\repository\org\antlr\antlr4-runtime\4.13.0\antlr4-runtime-4.13.0.jar;C:\Users\Rober\.m2\repository\org\springframework\data\spring-data-jpa\3.4.4\spring-data-jpa-3.4.4.jar;C:\Users\Rober\.m2\repository\org\springframework\data\spring-data-commons\3.4.4\spring-data-commons-3.4.4.jar;C:\Users\Rober\.m2\repository\org\springframework\spring-orm\6.2.5\spring-orm-6.2.5.jar;C:\Users\Rober\.m2\repository\org\springframework\spring-context\6.2.5\spring-context-6.2.5.jar;C:\Users\Rober\.m2\repository\org\springframework\spring-aop\6.2.5\spring-aop-6.2.5.jar;C:\Users\Rober\.m2\repository\org\springframework\spring-tx\6.2.5\spring-tx-6.2.5.jar;C:\Users\Rober\.m2\repository\org\springframework\spring-beans\6.2.5\spring-beans-6.2.5.jar;C:\Users\Rober\.m2\repository\org\slf4j\slf4j-api\2.0.17\slf4j-api-2.0.17.jar;C:\Users\Rober\.m2\repository\org\springframework\spring-aspects\6.2.5\spring-aspects-6.2.5.jar;C:\Users\Rober\.m2\repository\org\aspectj\aspectjweaver\1.9.23\aspectjweaver-1.9.23.jar;C:\Users\Rober\.m2\repository\org\springframework\boot\spring-boot-starter-web\3.4.4\spring-boot-starter-web-3.4.4.jar;C:\Users\Rober\.m2\repository\org\springframework\boot\spring-boot-starter-json\3.4.4\spring-boot-starter-json-3.4.4.jar;C:\Users\Rober\.m2\repository\com\fasterxml\jackson\core\jackson-databind\2.18.3\jackson-databind-2.18.3.jar;C:\Users\Rober\.m2\repository\com\fasterxml\jackson\core\jackson-annotations\2.18.3\jackson-annotations-2.18.3.jar;C:\Users\Rober\.m2\repository\com\fasterxml\jackson\core\jackson-core\2.18.3\jackson-core-2.18.3.jar;C:\Users\Rober\.m2\repository\com\fasterxml\jackson\datatype\jackson-datatype-jdk8\2.18.3\jackson-datatype-jdk8-2.18.3.jar;C:\Users\Rober\.m2\repository\com\fasterxml\jackson\datatype\jackson-datatype-jsr310\2.18.3\jackson-datatype-jsr310-2.18.3.jar;C:\Users\Rober\.m2\repository\com\fasterxml\jackson\module\jackson-module-parameter-names\2.18.3\jackson-module-parameter-names-2.18.3.jar;C:\Users\Rober\.m2\repository\org\springframework\boot\spring-boot-starter-tomcat\3.4.4\spring-boot-starter-tomcat-3.4.4.jar;C:\Users\Rober\.m2\repository\org\apache\tomcat\embed\tomcat-embed-core\10.1.39\tomcat-embed-core-10.1.39.jar;C:\Users\Rober\.m2\repository\org\apache\tomcat\embed\tomcat-embed-el\10.1.39\tomcat-embed-el-10.1.39.jar;C:\Users\Rober\.m2\repository\org\apache\tomcat\embed\tomcat-embed-websocket\10.1.39\tomcat-embed-websocket-10.1.39.jar;C:\Users\Rober\.m2\repository\org\springframework\spring-web\6.2.5\spring-web-6.2.5.jar;C:\Users\Rober\.m2\repository\io\micrometer\micrometer-observation\1.14.5\micrometer-observation-1.14.5.jar;C:\Users\Rober\.m2\repository\io\micrometer\micrometer-commons\1.14.5\micrometer-commons-1.14.5.jar;C:\Users\Rober\.m2\repository\org\springframework\spring-webmvc\6.2.5\spring-webmvc-6.2.5.jar;C:\Users\Rober\.m2\repository\org\springframework\spring-expression\6.2.5\spring-expression-6.2.5.jar;C:\Users\Rober\.m2\repository\org\springframework\boot\spring-boot-starter-websocket\3.4.4\spring-boot-starter-websocket-3.4.4.jar;C:\Users\Rober\.m2\repository\org\springframework\spring-messaging\6.2.5\spring-messaging-6.2.5.jar;C:\Users\Rober\.m2\repository\org\springframework\spring-websocket\6.2.5\spring-websocket-6.2.5.jar;C:\Users\Rober\.m2\repository\org\springframework\boot\spring-boot-devtools\3.4.4\spring-boot-devtools-3.4.4.jar;C:\Users\Rober\.m2\repository\org\springframework\boot\spring-boot\3.4.4\spring-boot-3.4.4.jar;C:\Users\Rober\.m2\repository\org\springframework\boot\spring-boot-autoconfigure\3.4.4\spring-boot-autoconfigure-3.4.4.jar;C:\Users\Rober\.m2\repository\org\projectlombok\lombok\1.18.28\lombok-1.18.28.jar;C:\Users\Rober\.m2\repository\jakarta\xml\bind\jakarta.xml.bind-api\4.0.2\jakarta.xml.bind-api-4.0.2.jar;C:\Users\Rober\.m2\repository\jakarta\activation\jakarta.activation-api\2.1.3\jakarta.activation-api-2.1.3.jar;C:\Users\Rober\.m2\repository\org\springframework\spring-core\6.2.5\spring-core-6.2.5.jar;C:\Users\Rober\.m2\repository\org\springframework\spring-jcl\6.2.5\spring-jcl-6.2.5.jar;C:\Users\Rober\.m2\repository\org\postgresql\postgresql\42.7.5\postgresql-42.7.5.jar;C:\Users\Rober\.m2\repository\org\checkerframework\checker-qual\3.48.3\checker-qual-3.48.3.jar
Launcher Type: SUN_STANDARD

[Global flags]
     intx CICompilerCount                          = 3                                         {product} {ergonomic}
     uint ConcGCThreads                            = 2                                         {product} {ergonomic}
     uint G1ConcRefinementThreads                  = 6                                         {product} {ergonomic}
   size_t G1HeapRegionSize                         = 2097152                                   {product} {ergonomic}
    uintx GCDrainStackTargetSize                   = 64                                        {product} {ergonomic}
   size_t InitialHeapSize                          = 268435456                                 {product} {ergonomic}
     bool ManagementServer                         = true                                      {product} {command line}
   size_t MarkStackSize                            = 4194304                                   {product} {ergonomic}
   size_t MaxHeapSize                              = 4278190080                                {product} {ergonomic}
   size_t MaxNewSize                               = 2566914048                                {product} {ergonomic}
   size_t MinHeapDeltaBytes                        = 2097152                                   {product} {ergonomic}
   size_t MinHeapSize                              = 8388608                                   {product} {ergonomic}
    uintx NonNMethodCodeHeapSize                   = 4096                                   {pd product} {ergonomic}
    uintx NonProfiledCodeHeapSize                  = 0                                      {pd product} {ergonomic}
     bool ProfileInterpreter                       = false                                  {pd product} {command line}
    uintx ProfiledCodeHeapSize                     = 0                                      {pd product} {ergonomic}
   size_t SoftMaxHeapSize                          = 4278190080                             {manageable} {ergonomic}
     intx TieredStopAtLevel                        = 1                                         {product} {command line}
     bool UseCompressedOops                        = true                           {product lp64_product} {ergonomic}
     bool UseG1GC                                  = true                                      {product} {ergonomic}
     bool UseLargePagesIndividualAllocation        = false                                  {pd product} {ergonomic}

Logging:
Log output configuration:
 #0: stdout all=warning uptime,level,tags foldmultilines=false
 #1: stderr all=off uptime,level,tags foldmultilines=false

Environment Variables:
JAVA_HOME=C:\Program Files\Java\jdk-21
PATH=C:\Program Files\Common Files\Oracle\Java\javapath;C:\Program Files\Java\jdk-21;C:\Program Files\nodejs\node_modules\npm\bin;F:\Git\bin;C:\Users\Rober\AppData\Roaming\nvm;C:\Users\Rober\AppData\Local\Programs\Microsoft VS Code\bin;C:\Users\Rober\AppData\Roaming\npm;C:\ProgramData\chocolatey\bin;C:\Users\Rober\AppData\Local\Programs\Python\Python312\Scripts;C:\Users\Rober\AppData\Local\Programs\Python\Python312;F:\Downloads\Grandle\gradle-8.8\bin;C:\Program Files\Java\jdk-21\bin;C:\Users\Rober\Desktop\platform-tools;C:\Users\Rober\AppData\Local\Programs\Python\Python312\Scripts;C:\Program Files\Go\bin;C:\;C:\Program Files\Docker\Docker\resources\bin;C:\Users\Rober\AppData\Local\Programs\Python\Python312\Scripts;C:\msys64\ucrt64\bin;C:\Program Files\NVIDIA Corporation\NVIDIA App\NvDLISR;C:\Program Files\RabbitMQ Server\rabbitmq_server-4.1.1\sbin;F:\flutter\bin;F:\Git\cmd;C:\Windows\System32;C:\Windows\System32\WindowsPowerShell\v1.0;C:\Windows\System32\OpenSSH;C:\Users\Rober\AppData\Local\Programs\Python\Python313\Scripts\;C:\Users\Rober\AppData\Local\Programs\Python\Python313\;C:\Program Files\Java\jdk-21\bin;C:\Users\Rober\AppData\Local\Programs\Microsoft VS Code\bin;C:\Users\Rober\AppData\Local\spicetify;C:\Program Files\JetBrains\IntelliJ IDEA 2024.1.4\bin;;C:\Users\Rober\Desktop\platform-tools;C:\Users\Rober\AppData\Local\Programs\Python\Python312\Scripts;C:\Users\Rober\go\bin;C:\Users\Rober\AppData\Roaming\npm;C:\Users\Rober\AppData\Local\Programs\Python\Python312\Scripts;C:\msys64\ucrt64\bin;C:\Program Files\RabbitMQ Server\rabbitmq_server-4.1.1\sbin;C:\Users\Rober\Videos\flutter\bin;
USERNAME=Rober
OS=Windows_NT
PROCESSOR_IDENTIFIER=Intel64 Family 6 Model 158 Stepping 10, GenuineIntel
TMP=C:\Users\Rober\AppData\Local\Temp
TEMP=C:\Users\Rober\AppData\Local\Temp




Periodic native trim disabled

---------------  S Y S T E M  ---------------

OS:
 Windows 10 , 64 bit Build 19041 (10.0.19041.5915)
OS uptime: 2 days 5:17 hours
Hyper-V role detected

CPU: total 6 (initial active 6) (6 cores per cpu, 1 threads per core) family 6 model 158 stepping 10 microcode 0xb4, cx8, cmov, fxsr, mmx, 3dnowpref, sse, sse2, sse3, ssse3, sse4.1, sse4.2, popcnt, lzcnt, tsc, tscinvbit, avx, avx2, aes, erms, clmul, bmi1, bmi2, adx, fma, vzeroupper, clflush, clflushopt, hv, rdtscp, f16c
Processor Information for all 6 processors :
  Max Mhz: 2904, Current Mhz: 2904, Mhz Limit: 2904

Memory: 4k page, system-wide physical 16317M (3193M free)
TotalPageFile size 21300M (AvailPageFile size 73M)
current process WorkingSet (physical memory assigned to process): 213M, peak: 213M
current process commit charge ("private bytes"): 250M, peak: 374M

vm_info: Java HotSpot(TM) 64-Bit Server VM (21.0.3+7-LTS-152) for windows-amd64 JRE (21.0.3+7-LTS-152), built on 2024-03-11T17:42:26Z by "mach5one" with MS VC++ 17.6 (VS2022)

END.
